2025-07-09 11:13:48,159 - INFO - Tushare初始化成功
2025-07-09 11:16:16,011 - INFO - ===== 开始执行行业轮动策略 =====
2025-07-09 11:16:16,012 - INFO - 开始回测策略
2025-07-09 11:16:16,356 - ERROR - 未获取到申万一级行业指数列表
2025-07-09 11:16:16,695 - WARNING - ETF 512800.SH (银行) 无有效数据
2025-07-09 11:16:16,987 - WARNING - ETF 512880.SH (证券) 无有效数据
2025-07-09 11:16:17,325 - WARNING - ETF 512200.SH (房地产) 无有效数据
2025-07-09 11:16:17,684 - WARNING - ETF 512690.SH (酒) 无有效数据
2025-07-09 11:16:18,193 - WARNING - ETF 159928.SZ (消费) 无有效数据
2025-07-09 11:16:18,603 - WARNING - ETF 159825.SZ (农业) 无有效数据
2025-07-09 11:16:19,010 - WARNING - ETF 515170.SH (食品饮料) 无有效数据
2025-07-09 11:16:19,396 - WARNING - ETF 512480.SH (半导体) 无有效数据
2025-07-09 11:16:19,785 - WARNING - ETF 515050.SH (5G) 无有效数据
2025-07-09 11:16:20,259 - WARNING - ETF 512720.SH (计算机) 无有效数据
2025-07-09 11:16:20,669 - WARNING - ETF 159852.SZ (软件) 无有效数据
2025-07-09 11:16:21,034 - WARNING - ETF 512010.SH (医药) 无有效数据
2025-07-09 11:16:21,484 - WARNING - ETF 512170.SH (医疗) 无有效数据
2025-07-09 11:16:21,880 - WARNING - ETF 501012.SH (生物科技) 无有效数据
2025-07-09 11:16:22,207 - WARNING - ETF 515220.SH (煤炭) 无有效数据
2025-07-09 11:16:22,535 - WARNING - ETF 515210.SH (钢铁) 无有效数据
2025-07-09 11:16:22,815 - WARNING - ETF 512400.SH (有色金属) 无有效数据
2025-07-09 11:16:23,164 - WARNING - ETF 159878.SZ (化工) 无有效数据
2025-07-09 11:16:23,602 - WARNING - ETF 515790.SH (光伏) 无有效数据
2025-07-09 11:16:24,084 - WARNING - ETF 515700.SH (新能车) 无有效数据
2025-07-09 11:16:24,561 - WARNING - ETF 512580.SH (环保) 无有效数据
2025-07-09 11:16:25,037 - WARNING - ETF 512660.SH (军工) 无有效数据
2025-07-09 11:16:25,674 - WARNING - ETF 516960.SH (高端装备) 无有效数据
2025-07-09 11:16:26,118 - WARNING - ETF 516880.SH (机械设备) 无有效数据
2025-07-09 11:16:26,698 - WARNING - ETF 512980.SH (传媒) 无有效数据
2025-07-09 11:16:27,063 - WARNING - ETF 159997.SZ (电子) 无有效数据
2025-07-09 11:16:27,431 - WARNING - ETF 515880.SH (通信) 无有效数据
2025-07-09 11:16:28,078 - WARNING - ETF 516910.SH (物流) 无有效数据
2025-07-09 11:16:28,569 - WARNING - ETF 159611.SZ (公用事业) 无有效数据
2025-07-09 11:16:28,901 - WARNING - ETF 516950.SH (基建) 无有效数据
2025-07-09 11:16:28,902 - ERROR - 未获取到任何ETF数据
2025-07-09 11:16:29,343 - INFO - 获取到0个申万行业名称映射
2025-07-09 11:16:29,345 - WARNING - 未找到行业 '银行' 的匹配代码
2025-07-09 11:16:29,346 - WARNING - 未找到行业 '非银金融' 的匹配代码
2025-07-09 11:16:29,347 - WARNING - 未找到行业 '房地产' 的匹配代码
2025-07-09 11:16:29,349 - WARNING - 未找到行业 '食品饮料' 的匹配代码
2025-07-09 11:16:29,350 - WARNING - 未找到行业 '农林牧渔' 的匹配代码
2025-07-09 11:16:29,351 - WARNING - 未找到行业 '家用电器' 的匹配代码
2025-07-09 11:16:29,352 - WARNING - 未找到行业 '轻工制造' 的匹配代码
2025-07-09 11:16:29,353 - WARNING - 未找到行业 '商业贸易' 的匹配代码
2025-07-09 11:16:29,354 - WARNING - 未找到行业 '休闲服务' 的匹配代码
2025-07-09 11:16:29,356 - WARNING - 未找到行业 '电子' 的匹配代码
2025-07-09 11:16:29,358 - WARNING - 未找到行业 '计算机' 的匹配代码
2025-07-09 11:16:29,360 - WARNING - 未找到行业 '传媒' 的匹配代码
2025-07-09 11:16:29,361 - WARNING - 未找到行业 '通信' 的匹配代码
2025-07-09 11:16:29,363 - WARNING - 未找到行业 '采掘' 的匹配代码
2025-07-09 11:16:29,364 - WARNING - 未找到行业 '化工' 的匹配代码
2025-07-09 11:16:29,366 - WARNING - 未找到行业 '钢铁' 的匹配代码
2025-07-09 11:16:29,367 - WARNING - 未找到行业 '有色金属' 的匹配代码
2025-07-09 11:16:29,367 - WARNING - 未找到行业 '建筑材料' 的匹配代码
2025-07-09 11:16:29,369 - WARNING - 未找到行业 '建筑装饰' 的匹配代码
2025-07-09 11:16:29,370 - WARNING - 未找到行业 '医药生物' 的匹配代码
2025-07-09 11:16:29,372 - WARNING - 未找到行业 '医药' 的匹配代码
2025-07-09 11:16:29,373 - WARNING - 未找到行业 '电气设备' 的匹配代码
2025-07-09 11:16:29,374 - WARNING - 未找到行业 '国防军工' 的匹配代码
2025-07-09 11:16:29,376 - WARNING - 未找到行业 '机械设备' 的匹配代码
2025-07-09 11:16:29,378 - WARNING - 未找到行业 '公用事业' 的匹配代码
2025-07-09 11:16:29,379 - WARNING - 未找到行业 '交通运输' 的匹配代码
2025-07-09 11:16:29,380 - WARNING - 共 26 个行业未能自动映射
2025-07-09 11:16:29,382 - INFO - 共生成4个行业到ETF的映射
2025-07-09 11:16:29,383 - ERROR - 数据准备失败，无法进行回测
2025-07-09 11:16:29,385 - INFO - ===== 策略执行完成 =====
2025-07-09 11:18:06,261 - INFO - ===== 开始执行行业轮动策略 =====
2025-07-09 11:18:06,262 - INFO - 开始回测策略
2025-07-09 11:18:06,730 - ERROR - 未获取到申万一级行业指数列表
2025-07-09 11:18:07,144 - WARNING - ETF 512800.SH (银行) 无有效数据
2025-07-09 11:18:07,677 - WARNING - ETF 512880.SH (证券) 无有效数据
2025-07-09 11:18:08,246 - WARNING - ETF 512200.SH (房地产) 无有效数据
2025-07-09 11:18:08,797 - WARNING - ETF 512690.SH (酒) 无有效数据
2025-07-09 11:18:09,384 - WARNING - ETF 159928.SZ (消费) 无有效数据
2025-07-09 11:18:09,971 - WARNING - ETF 159825.SZ (农业) 无有效数据
2025-07-09 11:18:10,484 - WARNING - ETF 515170.SH (食品饮料) 无有效数据
2025-07-09 11:18:11,158 - WARNING - ETF 512480.SH (半导体) 无有效数据
2025-07-09 11:18:11,759 - WARNING - ETF 515050.SH (5G) 无有效数据
2025-07-09 11:18:12,190 - WARNING - ETF 512720.SH (计算机) 无有效数据
2025-07-09 11:18:12,666 - WARNING - ETF 159852.SZ (软件) 无有效数据
2025-07-09 11:18:13,092 - WARNING - ETF 512010.SH (医药) 无有效数据
2025-07-09 11:18:13,682 - WARNING - ETF 512170.SH (医疗) 无有效数据
2025-07-09 11:18:14,275 - WARNING - ETF 501012.SH (生物科技) 无有效数据
2025-07-09 11:18:14,812 - WARNING - ETF 515220.SH (煤炭) 无有效数据
2025-07-09 11:18:15,245 - WARNING - ETF 515210.SH (钢铁) 无有效数据
2025-07-09 11:18:15,707 - WARNING - ETF 512400.SH (有色金属) 无有效数据
2025-07-09 11:18:16,222 - WARNING - ETF 159878.SZ (化工) 无有效数据
2025-07-09 11:18:16,675 - WARNING - ETF 515790.SH (光伏) 无有效数据
2025-07-09 11:18:17,000 - WARNING - ETF 515700.SH (新能车) 无有效数据
2025-07-09 11:18:17,400 - WARNING - ETF 512580.SH (环保) 无有效数据
2025-07-09 11:18:17,828 - WARNING - ETF 512660.SH (军工) 无有效数据
2025-07-09 11:18:18,251 - WARNING - ETF 516960.SH (高端装备) 无有效数据
2025-07-09 11:18:18,591 - WARNING - ETF 516880.SH (机械设备) 无有效数据
2025-07-09 11:18:18,946 - WARNING - ETF 512980.SH (传媒) 无有效数据
2025-07-09 11:18:19,358 - WARNING - ETF 159997.SZ (电子) 无有效数据
2025-07-09 11:18:19,699 - WARNING - ETF 515880.SH (通信) 无有效数据
2025-07-09 11:18:20,109 - WARNING - ETF 516910.SH (物流) 无有效数据
2025-07-09 11:18:20,503 - WARNING - ETF 159611.SZ (公用事业) 无有效数据
2025-07-09 11:18:20,945 - WARNING - ETF 516950.SH (基建) 无有效数据
2025-07-09 11:18:20,946 - ERROR - 未获取到任何ETF数据
2025-07-09 11:18:21,306 - INFO - 获取到0个申万行业名称映射
2025-07-09 11:18:21,307 - WARNING - 未找到行业 '银行' 的匹配代码
2025-07-09 11:18:21,308 - WARNING - 未找到行业 '非银金融' 的匹配代码
2025-07-09 11:18:21,309 - WARNING - 未找到行业 '房地产' 的匹配代码
2025-07-09 11:18:21,310 - WARNING - 未找到行业 '食品饮料' 的匹配代码
2025-07-09 11:18:21,312 - WARNING - 未找到行业 '农林牧渔' 的匹配代码
2025-07-09 11:18:21,313 - WARNING - 未找到行业 '家用电器' 的匹配代码
2025-07-09 11:18:21,316 - WARNING - 未找到行业 '轻工制造' 的匹配代码
2025-07-09 11:18:21,318 - WARNING - 未找到行业 '商业贸易' 的匹配代码
2025-07-09 11:18:21,320 - WARNING - 未找到行业 '休闲服务' 的匹配代码
2025-07-09 11:18:21,322 - WARNING - 未找到行业 '电子' 的匹配代码
2025-07-09 11:18:21,323 - WARNING - 未找到行业 '计算机' 的匹配代码
2025-07-09 11:18:21,325 - WARNING - 未找到行业 '传媒' 的匹配代码
2025-07-09 11:18:21,327 - WARNING - 未找到行业 '通信' 的匹配代码
2025-07-09 11:18:21,328 - WARNING - 未找到行业 '采掘' 的匹配代码
2025-07-09 11:18:21,330 - WARNING - 未找到行业 '化工' 的匹配代码
2025-07-09 11:18:21,331 - WARNING - 未找到行业 '钢铁' 的匹配代码
2025-07-09 11:18:21,332 - WARNING - 未找到行业 '有色金属' 的匹配代码
2025-07-09 11:18:21,334 - WARNING - 未找到行业 '建筑材料' 的匹配代码
2025-07-09 11:18:21,335 - WARNING - 未找到行业 '建筑装饰' 的匹配代码
2025-07-09 11:18:21,337 - WARNING - 未找到行业 '医药生物' 的匹配代码
2025-07-09 11:18:21,338 - WARNING - 未找到行业 '医药' 的匹配代码
2025-07-09 11:18:21,339 - WARNING - 未找到行业 '电气设备' 的匹配代码
2025-07-09 11:18:21,341 - WARNING - 未找到行业 '国防军工' 的匹配代码
2025-07-09 11:18:21,342 - WARNING - 未找到行业 '机械设备' 的匹配代码
2025-07-09 11:18:21,343 - WARNING - 未找到行业 '公用事业' 的匹配代码
2025-07-09 11:18:21,345 - WARNING - 未找到行业 '交通运输' 的匹配代码
2025-07-09 11:18:21,345 - WARNING - 共 26 个行业未能自动映射
2025-07-09 11:18:21,346 - INFO - 共生成4个行业到ETF的映射
2025-07-09 11:18:21,348 - ERROR - 数据准备失败，无法进行回测
2025-07-09 11:18:21,349 - INFO - ===== 策略执行完成 =====
